<?xml version="1.0" encoding="UTF-8"?>
<!-- Generated by org.testng.reporters.JUnitReportReporter -->
<testsuite skipped="0" hostname="ATMECSINLT-743" name="com.qa.testscripts.GetCityNameLanguageWithCountryName" tests="1" failures="0" timestamp="2020-06-11T21:51:41 IST" time="0.846" errors="0">
  <testcase name="GetCityNameAndLangFromCountryNameTest" time="0.846" classname="com.qa.testscripts.GetCityNameLanguageWithCountryName"/>
</testsuite> <!-- com.qa.testscripts.GetCityNameLanguageWithCountryName -->
