<?xml version="1.0" encoding="UTF-8"?>
<!-- Generated by org.testng.reporters.JUnitReportReporter -->
<testsuite skipped="0" hostname="ATMECSINLT-743" name="com.qa.testscripts.ValidateNullCity" tests="1" failures="0" timestamp="2020-06-11T21:51:41 IST" time="0.746" errors="0">
  <testcase name="validateResponseCodeNullCityTest" time="0.746" classname="com.qa.testscripts.ValidateNullCity"/>
</testsuite> <!-- com.qa.testscripts.ValidateNullCity -->
