<?xml version="1.0" encoding="UTF-8"?>
<!-- Generated by org.testng.reporters.JUnitReportReporter -->
<testsuite skipped="0" hostname="ATMECSINLT-743" name="com.qa.testscripts.GetCityNameLanguageWithCode" tests="1" failures="0" timestamp="2020-06-11T21:51:41 IST" time="4.063" errors="0">
  <testcase name="GetCityNameAndLangTest" time="4.063" classname="com.qa.testscripts.GetCityNameLanguageWithCode"/>
</testsuite> <!-- com.qa.testscripts.GetCityNameLanguageWithCode -->
